#Start(1618678079482)

  Warning number 27
  /Users/dmitrijkovalenko/dev/react-splinter/react-splitter/src/Pane.res:2:36-47
  
  1 │ @genType.as("Pane") @react.component
  2 │ export make = (~children, ~size=?, ~initialSize=?, ~_renderResizer=?, (
      )) => {
  3 │   let flexBasis = switch size {
  4 │   | None => "100%"
  
  unused variable initialSize.
  

  Warning number 27
  /Users/dmitrijkovalenko/dev/react-splinter/react-splitter/src/Splinter.res:25:25-30
  
  23 │ }
  24 │ 
  25 │ let recalculateSizes = (offset, resizingIndex, sizes) => {
  26 │   let originalValue = sizes[resizingIndex]
  27 │   let newValue = originalValue->Belt.Option.map(value => value + 2)
  
  unused variable offset.
  

  Warning number 26
  /Users/dmitrijkovalenko/dev/react-splinter/react-splitter/src/Splinter.res:42:7-17
  
  40 │ export make = (~children: array<React.element>, ~split) => {
  41 │   let rootRef = React.useRef(Js.Nullable.null)
  42 │   let rootSizeRef = React.useRef(None)
  43 │ 
  44 │   let (sizes, setSizes) = React.useState(() => mapChildrenToSizes(chil
       dren))
  
  unused variable rootSizeRef.
  
#Done(1618678079654)
